0 info it worked if it ends with ok
1 verbose cli [ 'C:\\Program Files\\nodejs\\node.exe',
1 verbose cli   'C:\\Program Files\\nodejs\\node_modules\\npm\\bin\\npm-cli.js',
1 verbose cli   'install',
1 verbose cli   'particles.js' ]
2 info using npm@3.8.7
3 info using node@v4.4.3
4 verbose config Skipping project config: C:\Users\Matheus Pessoa/.npmrc. (matches userconfig)
5 silly loadCurrentTree Starting
6 silly install loadCurrentTree
7 silly install readLocalPackageData
8 silly fetchPackageMetaData particles.js
9 silly fetchOtherPackageData particles.js
10 silly cache add args [ 'particles.js', null ]
11 verbose cache add spec particles.js
12 silly cache add parsed spec Result {
12 silly cache add   raw: 'particles.js',
12 silly cache add   scope: null,
12 silly cache add   name: null,
12 silly cache add   rawSpec: 'particles.js',
12 silly cache add   spec: 'C:\\Users\\Matheus Pessoa\\documents\\github\\matheusmpessoa.github.io\\particles.js',
12 silly cache add   type: 'local' }
13 silly addLocalTarball shasum (computed) 2e42a74f3b5ba94e6a587a54f834251a63d36faf
14 verbose addTmpTarball C:\Users\Matheus Pessoa\documents\github\matheusmpessoa.github.io\particles.js not in flight; adding
15 verbose correctMkdir C:\Users\Matheus Pessoa\AppData\Roaming\npm-cache correctMkdir not in flight; initializing
16 verbose addTmpTarball validating metadata from C:\Users\Matheus Pessoa\documents\github\matheusmpessoa.github.io\particles.js
17 verbose tar unpack C:\Users\Matheus Pessoa\documents\github\matheusmpessoa.github.io\particles.js
18 verbose tar unpacking to C:\Users\MATHEU~1\AppData\Local\Temp\npm-8400-aaa10645\unpack-4089eb0f
19 silly gentlyRm C:\Users\MATHEU~1\AppData\Local\Temp\npm-8400-aaa10645\unpack-4089eb0f is being purged
20 verbose gentlyRm don't care about contents; nuking C:\Users\MATHEU~1\AppData\Local\Temp\npm-8400-aaa10645\unpack-4089eb0f
21 silly gunzTarPerm modes [ '777', '666' ]
22 error not a package C:\Users\Matheus Pessoa\documents\github\matheusmpessoa.github.io\particles.js
23 error addLocal Could not install C:\Users\Matheus Pessoa\documents\github\matheusmpessoa.github.io\particles.js
24 silly fetchPackageMetaData Error: ENOENT: no such file or directory, open 'C:\Users\MATHEU~1\AppData\Local\Temp\npm-8400-aaa10645\unpack-4089eb0f\package.json'
24 silly fetchPackageMetaData     at Error (native)
24 silly fetchPackageMetaData  error for particles.js { [Error: ENOENT: no such file or directory, open 'C:\Users\MATHEU~1\AppData\Local\Temp\npm-8400-aaa10645\unpack-4089eb0f\package.json']
24 silly fetchPackageMetaData   errno: -4058,
24 silly fetchPackageMetaData   code: 'ENOENT',
24 silly fetchPackageMetaData   syscall: 'open',
24 silly fetchPackageMetaData   path: 'C:\\Users\\MATHEU~1\\AppData\\Local\\Temp\\npm-8400-aaa10645\\unpack-4089eb0f\\package.json' }
25 silly rollbackFailedOptional Starting
26 silly rollbackFailedOptional Finishing
27 silly runTopLevelLifecycles Starting
28 silly runTopLevelLifecycles Finishing
29 silly install printInstalled
30 verbose stack Error: ENOENT: no such file or directory, open 'C:\Users\MATHEU~1\AppData\Local\Temp\npm-8400-aaa10645\unpack-4089eb0f\package.json'
30 verbose stack     at Error (native)
31 verbose cwd C:\Users\Matheus Pessoa\documents\github\matheusmpessoa.github.io
32 error Windows_NT 10.0.10240
33 error argv "C:\\Program Files\\nodejs\\node.exe" "C:\\Program Files\\nodejs\\node_modules\\npm\\bin\\npm-cli.js" "install" "particles.js"
34 error node v4.4.3
35 error npm  v3.8.7
36 error path C:\Users\MATHEU~1\AppData\Local\Temp\npm-8400-aaa10645\unpack-4089eb0f\package.json
37 error code ENOENT
38 error errno -4058
39 error syscall open
40 error enoent ENOENT: no such file or directory, open 'C:\Users\MATHEU~1\AppData\Local\Temp\npm-8400-aaa10645\unpack-4089eb0f\package.json'
41 error enoent ENOENT: no such file or directory, open 'C:\Users\MATHEU~1\AppData\Local\Temp\npm-8400-aaa10645\unpack-4089eb0f\package.json'
41 error enoent This is most likely not a problem with npm itself
41 error enoent and is related to npm not being able to find a file.
42 verbose exit [ -4058, true ]
